<?xml version="1.0" encoding="UTF-8"?>
<testsuite name="site.Login" tests="1" skipped="0" failures="0" errors="0" timestamp="2020-11-23T22:55:47" hostname="LAPTOP-PV6O1VMP" time="19.091">
  <properties/>
  <testcase name="realizarLogin" classname="site.Login" time="19.091"/>
  <system-out><![CDATA[]]></system-out>
  <system-err><![CDATA[Starting ChromeDriver 87.0.4280.20 (c99e81631faa0b2a448e658c0dbd8311fb04ddbd-refs/branch-heads/4280@{#355}) on port 30805
Only local connections are allowed.
Please see https://chromedriver.chromium.org/security-considerations for suggestions on keeping ChromeDriver safe.
ChromeDriver was started successfully.
nov 23, 2020 7:55:52 PM org.openqa.selenium.remote.ProtocolHandshake createSession
INFORMAÇÕES: Detected dialect: W3C
]]></system-err>
</testsuite>
